<?xml version="1.0" encoding="UTF-8"?>
<!-- Generated by org.testng.reporters.JUnitReportReporter -->
<testsuite skipped="2" hostname="BHAVNAWKS093" name="com.qa.test.LettersAndDocs" tests="2" failures="0" timestamp="2 May 2019 09:28:10 GMT" time="0.003" errors="0">
  <testcase name="sendDocumentSupportRequest" time="0.001" classname="com.qa.test.LettersAndDocs">
    <skipped/>
  </testcase> <!-- sendDocumentSupportRequest -->
  <testcase name="verifyXmlFile" time="0.002" classname="com.qa.test.LettersAndDocs">
    <skipped/>
  </testcase> <!-- verifyXmlFile -->
</testsuite> <!-- com.qa.test.LettersAndDocs -->
